Nov 17 11:25:11: Program starting.
Nov 17 11:25:11: Load_helps: getting all help files.
Nov 17 11:25:22: Player: Raze has entered the game.
Nov 17 11:29:08: Raze has left the game.
Nov 17 11:30:06: Player: Raze has entered the game.
Nov 17 11:30:12: Raze has left the game.
Nov 17 11:30:28: Player: Raze has entered the game.
Nov 17 11:33:53: MUD is shutting down...
Nov 17 11:33:53: Socket closed
Nov 17 11:33:53: Program terminated without errors.
Nov 17 11:38:59: Program starting.
Nov 17 11:38:59: Load_helps: getting all help files.
Nov 17 11:39:10: Player: Raze has entered the game.
Nov 17 11:39:13: Raze has left the game.
Nov 17 11:40:44: Player: Neon has entered the game.
Nov 17 11:40:58: MUD is shutting down...
Nov 17 11:40:58: Socket closed
Nov 17 11:40:58: Program terminated without errors.
Nov 17 11:49:20: Program starting.
Nov 17 11:49:20: Load_helps: getting all help files.
Nov 17 11:50:03: Program starting.
Nov 17 11:50:03: Load_helps: getting all help files.
Nov 17 11:50:12: Player: Neon has entered the game.
Nov 17 11:50:16: Neon has left the game.
Nov 17 11:50:27: Player: Neon has entered the game.
Nov 17 11:50:29: MUD is shutting down...
Nov 17 11:50:29: Socket closed
Nov 17 11:50:29: Program terminated without errors.
