This file contains any messages produced by compilers while
running configure, to aid debugging if configure makes a mistake.

It was created by jansson configure 2.10, which was
generated by GNU Autoconf 2.69.  Invocation command line was

  $ ./configure 

## --------- ##
## Platform. ##
## --------- ##

hostname = li220-10
uname -m = x86_64
uname -r = 4.9.15-x86_64-linode81
uname -s = Linux
uname -v = #1 SMP Fri Mar 17 09:47:36 EDT 2017

/usr/bin/uname -p = x86_64
/bin/uname -X     = unknown

/bin/arch              = x86_64
/usr/bin/arch -k       = unknown
/usr/convex/getsysinfo = unknown
/usr/bin/hostinfo      = unknown
/bin/machine           = unknown
/usr/bin/oslevel       = unknown
/bin/universe          = unknown

PATH: /usr/local/bin
PATH: /usr/bin
PATH: /usr/local/sbin
PATH: /usr/sbin
PATH: /home/wsayin/.local/bin
PATH: /home/wsayin/bin


## ----------- ##
## Core tests. ##
## ----------- ##

configure:2405: checking for a BSD-compatible install
configure:2473: result: /usr/bin/install -c
configure:2484: checking whether build environment is sane
configure:2539: result: yes
configure:2690: checking for a thread-safe mkdir -p
configure:2729: result: /usr/bin/mkdir -p
configure:2736: checking for gawk
configure:2752: found /usr/bin/gawk
configure:2763: result: gawk
configure:2774: checking whether make sets $(MAKE)
configure:2796: result: yes
configure:2825: checking whether make supports nested variables
configure:2842: result: yes
configure:3022: checking for gcc
configure:3038: found /usr/bin/gcc
configure:3049: result: gcc
configure:3278: checking for C compiler version
configure:3287: gcc --version >&5
gcc (GCC) 4.8.3 20140911 (Red Hat 4.8.3-7)
Copyright (C) 2013 Free Software Foundation, Inc.
This is free software; see the source for copying conditions.  There is NO
warranty; not even for MERCHANTABILITY or FITNESS FOR A PARTICULAR PURPOSE.

configure:3298: $? = 0
configure:3287: gcc -v >&5
Using built-in specs.
COLLECT_GCC=gcc
COLLECT_LTO_WRAPPER=/usr/libexec/gcc/x86_64-redhat-linux/4.8.3/lto-wrapper
Target: x86_64-redhat-linux
Configured with: ../configure --prefix=/usr --mandir=/usr/share/man --infodir=/usr/share/info --with-bugurl=http://bugzilla.redhat.com/bugzilla --enable-bootstrap --enable-shared --enable-threads=posix --enable-checking=release --with-system-zlib --enable-__cxa_atexit --disable-libunwind-exceptions --enable-gnu-unique-object --enable-linker-build-id --with-linker-hash-style=gnu --enable-languages=c,c++,objc,obj-c++,java,fortran,ada,go,lto --enable-plugin --enable-initfini-array --enable-java-awt=gtk --disable-dssi --with-java-home=/usr/lib/jvm/java-1.5.0-gcj-1.5.0.0/jre --enable-libgcj-multifile --enable-java-maintainer-mode --with-ecj-jar=/usr/share/java/eclipse-ecj.jar --disable-libjava-multilib --with-isl=/builddir/build/BUILD/gcc-4.8.3-20140911/obj-x86_64-redhat-linux/isl-install --with-cloog=/builddir/build/BUILD/gcc-4.8.3-20140911/obj-x86_64-redhat-linux/cloog-install --with-tune=generic --with-arch_32=i686 --build=x86_64-redhat-linux
Thread model: posix
gcc version 4.8.3 20140911 (Red Hat 4.8.3-7) (GCC) 
configure:3298: $? = 0
configure:3287: gcc -V >&5
gcc: error: unrecognized command line option '-V'
gcc: fatal error: no input files
compilation terminated.
configure:3298: $? = 4
configure:3287: gcc -qversion >&5
gcc: error: unrecognized command line option '-qversion'
gcc: fatal error: no input files
compilation terminated.
configure:3298: $? = 4
configure:3318: checking whether the C compiler works
configure:3340: gcc    conftest.c  >&5
configure:3344: $? = 0
configure:3392: result: yes
configure:3395: checking for C compiler default output file name
configure:3397: result: a.out
configure:3403: checking for suffix of executables
configure:3410: gcc -o conftest    conftest.c  >&5
configure:3414: $? = 0
configure:3436: result: 
configure:3458: checking whether we are cross compiling
configure:3466: gcc -o conftest    conftest.c  >&5
configure:3470: $? = 0
configure:3477: ./conftest
configure:3481: $? = 0
configure:3496: result: no
configure:3501: checking for suffix of object files
configure:3523: gcc -c   conftest.c >&5
configure:3527: $? = 0
configure:3548: result: o
configure:3552: checking whether we are using the GNU C compiler
configure:3571: gcc -c   conftest.c >&5
configure:3571: $? = 0
configure:3580: result: yes
configure:3589: checking whether gcc accepts -g
configure:3609: gcc -c -g  conftest.c >&5
configure:3609: $? = 0
configure:3650: result: yes
configure:3667: checking for gcc option to accept ISO C89
configure:3730: gcc  -c -g -O2  conftest.c >&5
configure:3730: $? = 0
configure:3743: result: none needed
configure:3768: checking whether gcc understands -c and -o together
configure:3790: gcc -c conftest.c -o conftest2.o
configure:3793: $? = 0
configure:3790: gcc -c conftest.c -o conftest2.o
configure:3793: $? = 0
configure:3805: result: yes
configure:3833: checking for style of include used by make
configure:3861: result: GNU
configure:3887: checking dependency style of gcc
configure:3998: result: gcc3
configure:4042: checking build system type
configure:4056: result: x86_64-unknown-linux-gnu
configure:4076: checking host system type
configure:4089: result: x86_64-unknown-linux-gnu
configure:4130: checking how to print strings
configure:4157: result: printf
configure:4178: checking for a sed that does not truncate output
configure:4242: result: /usr/bin/sed
configure:4260: checking for grep that handles long lines and -e
configure:4318: result: /usr/bin/grep
configure:4323: checking for egrep
configure:4385: result: /usr/bin/grep -E
configure:4390: checking for fgrep
configure:4452: result: /usr/bin/grep -F
configure:4487: checking for ld used by gcc
configure:4554: result: /usr/bin/ld
configure:4561: checking if the linker (/usr/bin/ld) is GNU ld
configure:4576: result: yes
configure:4588: checking for BSD- or MS-compatible name lister (nm)
configure:4642: result: /usr/bin/nm -B
configure:4772: checking the name lister (/usr/bin/nm -B) interface
configure:4779: gcc -c -g -O2  conftest.c >&5
configure:4782: /usr/bin/nm -B "conftest.o"
configure:4785: output
0000000000000000 B some_variable
configure:4792: result: BSD nm
configure:4795: checking whether ln -s works
configure:4799: result: yes
configure:4807: checking the maximum length of command line arguments
configure:4938: result: 1572864
configure:4986: checking how to convert x86_64-unknown-linux-gnu file names to x86_64-unknown-linux-gnu format
configure:5026: result: func_convert_file_noop
configure:5033: checking how to convert x86_64-unknown-linux-gnu file names to toolchain format
configure:5053: result: func_convert_file_noop
configure:5060: checking for /usr/bin/ld option to reload object files
configure:5067: result: -r
configure:5141: checking for objdump
configure:5157: found /usr/bin/objdump
configure:5168: result: objdump
configure:5200: checking how to recognize dependent libraries
configure:5400: result: pass_all
configure:5485: checking for dlltool
configure:5515: result: no
configure:5545: checking how to associate runtime and link libraries
configure:5572: result: printf %s\n
configure:5633: checking for ar
configure:5649: found /usr/bin/ar
configure:5660: result: ar
configure:5697: checking for archiver @FILE support
configure:5714: gcc -c -g -O2  conftest.c >&5
configure:5714: $? = 0
configure:5717: ar cru libconftest.a @conftest.lst >&5
configure:5720: $? = 0
configure:5725: ar cru libconftest.a @conftest.lst >&5
ar: conftest.o: No such file or directory
configure:5728: $? = 1
configure:5740: result: @
configure:5798: checking for strip
configure:5814: found /usr/bin/strip
configure:5825: result: strip
configure:5897: checking for ranlib
configure:5913: found /usr/bin/ranlib
configure:5924: result: ranlib
configure:6026: checking command to parse /usr/bin/nm -B output from gcc object
configure:6179: gcc -c -g -O2  conftest.c >&5
configure:6182: $? = 0
configure:6186: /usr/bin/nm -B conftest.o \| sed -n -e 's/^.*[ ]\([ABCDGIRSTW][ABCDGIRSTW]*\)[ ][ ]*\([_A-Za-z][_A-Za-z0-9]*\)$/\1 \2 \2/p' | sed '/ __gnu_lto/d' \> conftest.nm
configure:6189: $? = 0
configure:6255: gcc -o conftest -g -O2   conftest.c conftstm.o >&5
configure:6258: $? = 0
configure:6296: result: ok
configure:6343: checking for sysroot
configure:6373: result: no
configure:6380: checking for a working dd
configure:6418: result: /usr/bin/dd
configure:6422: checking how to truncate binary pipes
configure:6437: result: /usr/bin/dd bs=4096 count=1
configure:6573: gcc -c -g -O2  conftest.c >&5
configure:6576: $? = 0
configure:6766: checking for mt
configure:6796: result: no
configure:6816: checking if : is a manifest tool
configure:6822: : '-?'
configure:6830: result: no
configure:7507: checking how to run the C preprocessor
configure:7538: gcc -E  conftest.c
configure:7538: $? = 0
configure:7552: gcc -E  conftest.c
conftest.c:11:28: fatal error: ac_nonexistent.h: No such file or directory
 #include <ac_nonexistent.h>
                            ^
compilation terminated.
configure:7552: $? = 1
configure: failed program was:
| /* confdefs.h */
| #define PACKAGE_NAME "jansson"
| #define PACKAGE_TARNAME "jansson"
| #define PACKAGE_VERSION "2.10"
| #define PACKAGE_STRING "jansson 2.10"
| #define PACKAGE_BUGREPORT "petri@digip.org"
| #define PACKAGE_URL ""
| #define PACKAGE "jansson"
| #define VERSION "2.10"
| /* end confdefs.h.  */
| #include <ac_nonexistent.h>
configure:7577: result: gcc -E
configure:7597: gcc -E  conftest.c
configure:7597: $? = 0
configure:7611: gcc -E  conftest.c
conftest.c:11:28: fatal error: ac_nonexistent.h: No such file or directory
 #include <ac_nonexistent.h>
                            ^
compilation terminated.
configure:7611: $? = 1
configure: failed program was:
| /* confdefs.h */
| #define PACKAGE_NAME "jansson"
| #define PACKAGE_TARNAME "jansson"
| #define PACKAGE_VERSION "2.10"
| #define PACKAGE_STRING "jansson 2.10"
| #define PACKAGE_BUGREPORT "petri@digip.org"
| #define PACKAGE_URL ""
| #define PACKAGE "jansson"
| #define VERSION "2.10"
| /* end confdefs.h.  */
| #include <ac_nonexistent.h>
configure:7640: checking for ANSI C header files
configure:7660: gcc -c -g -O2  conftest.c >&5
configure:7660: $? = 0
configure:7733: gcc -o conftest -g -O2   conftest.c  >&5
configure:7733: $? = 0
configure:7733: ./conftest
configure:7733: $? = 0
configure:7744: result: yes
configure:7757: checking for sys/types.h
configure:7757: gcc -c -g -O2  conftest.c >&5
configure:7757: $? = 0
configure:7757: result: yes
configure:7757: checking for sys/stat.h
configure:7757: gcc -c -g -O2  conftest.c >&5
configure:7757: $? = 0
configure:7757: result: yes
configure:7757: checking for stdlib.h
configure:7757: gcc -c -g -O2  conftest.c >&5
configure:7757: $? = 0
configure:7757: result: yes
configure:7757: checking for string.h
configure:7757: gcc -c -g -O2  conftest.c >&5
configure:7757: $? = 0
configure:7757: result: yes
configure:7757: checking for memory.h
configure:7757: gcc -c -g -O2  conftest.c >&5
configure:7757: $? = 0
configure:7757: result: yes
configure:7757: checking for strings.h
configure:7757: gcc -c -g -O2  conftest.c >&5
configure:7757: $? = 0
configure:7757: result: yes
configure:7757: checking for inttypes.h
configure:7757: gcc -c -g -O2  conftest.c >&5
configure:7757: $? = 0
configure:7757: result: yes
configure:7757: checking for stdint.h
configure:7757: gcc -c -g -O2  conftest.c >&5
configure:7757: $? = 0
configure:7757: result: yes
configure:7757: checking for unistd.h
configure:7757: gcc -c -g -O2  conftest.c >&5
configure:7757: $? = 0
configure:7757: result: yes
configure:7771: checking for dlfcn.h
configure:7771: gcc -c -g -O2  conftest.c >&5
configure:7771: $? = 0
configure:7771: result: yes
configure:8027: checking for objdir
configure:8042: result: .libs
configure:8302: checking if gcc supports -fno-rtti -fno-exceptions
configure:8320: gcc -c -g -O2  -fno-rtti -fno-exceptions conftest.c >&5
cc1: warning: command line option '-fno-rtti' is valid for C++/ObjC++ but not for C [enabled by default]
configure:8324: $? = 0
configure:8337: result: no
configure:8695: checking for gcc option to produce PIC
configure:8702: result: -fPIC -DPIC
configure:8710: checking if gcc PIC flag -fPIC -DPIC works
configure:8728: gcc -c -g -O2  -fPIC -DPIC -DPIC conftest.c >&5
configure:8732: $? = 0
configure:8745: result: yes
configure:8774: checking if gcc static flag -static works
configure:8802: result: no
configure:8817: checking if gcc supports -c -o file.o
configure:8838: gcc -c -g -O2  -o out/conftest2.o conftest.c >&5
configure:8842: $? = 0
configure:8864: result: yes
configure:8872: checking if gcc supports -c -o file.o
configure:8919: result: yes
configure:8952: checking whether the gcc linker (/usr/bin/ld -m elf_x86_64) supports shared libraries
configure:10211: result: yes
configure:10248: checking whether -lc should be explicitly linked in
configure:10256: gcc -c -g -O2  conftest.c >&5
configure:10259: $? = 0
configure:10274: gcc -shared  -fPIC -DPIC conftest.o  -v -Wl,-soname -Wl,conftest -o conftest 2\>\&1 \| /usr/bin/grep  -lc  \>/dev/null 2\>\&1
configure:10277: $? = 0
configure:10291: result: no
configure:10451: checking dynamic linker characteristics
configure:11032: gcc -o conftest -g -O2   -Wl,-rpath -Wl,/foo conftest.c  >&5
configure:11032: $? = 0
configure:11269: result: GNU/Linux ld.so
configure:11391: checking how to hardcode library paths into programs
configure:11416: result: immediate
configure:11964: checking whether stripping libraries is possible
configure:11969: result: yes
configure:12004: checking if libtool supports shared libraries
configure:12006: result: yes
configure:12009: checking whether to build shared libraries
configure:12034: result: yes
configure:12037: checking whether to build static libraries
configure:12041: result: yes
configure:12093: checking endian.h usability
configure:12093: gcc -c -g -O2  conftest.c >&5
configure:12093: $? = 0
configure:12093: result: yes
configure:12093: checking endian.h presence
configure:12093: gcc -E  conftest.c
configure:12093: $? = 0
configure:12093: result: yes
configure:12093: checking for endian.h
configure:12093: result: yes
configure:12093: checking fcntl.h usability
configure:12093: gcc -c -g -O2  conftest.c >&5
configure:12093: $? = 0
configure:12093: result: yes
configure:12093: checking fcntl.h presence
configure:12093: gcc -E  conftest.c
configure:12093: $? = 0
configure:12093: result: yes
configure:12093: checking for fcntl.h
configure:12093: result: yes
configure:12093: checking locale.h usability
configure:12093: gcc -c -g -O2  conftest.c >&5
configure:12093: $? = 0
configure:12093: result: yes
configure:12093: checking locale.h presence
configure:12093: gcc -E  conftest.c
configure:12093: $? = 0
configure:12093: result: yes
configure:12093: checking for locale.h
configure:12093: result: yes
configure:12093: checking sched.h usability
configure:12093: gcc -c -g -O2  conftest.c >&5
configure:12093: $? = 0
configure:12093: result: yes
configure:12093: checking sched.h presence
configure:12093: gcc -E  conftest.c
configure:12093: $? = 0
configure:12093: result: yes
configure:12093: checking for sched.h
configure:12093: result: yes
configure:12093: checking for unistd.h
configure:12093: result: yes
configure:12093: checking sys/param.h usability
configure:12093: gcc -c -g -O2  conftest.c >&5
configure:12093: $? = 0
configure:12093: result: yes
configure:12093: checking sys/param.h presence
configure:12093: gcc -E  conftest.c
configure:12093: $? = 0
configure:12093: result: yes
configure:12093: checking for sys/param.h
configure:12093: result: yes
configure:12093: checking for sys/stat.h
configure:12093: result: yes
configure:12093: checking sys/time.h usability
configure:12093: gcc -c -g -O2  conftest.c >&5
configure:12093: $? = 0
configure:12093: result: yes
configure:12093: checking sys/time.h presence
configure:12093: gcc -E  conftest.c
configure:12093: $? = 0
configure:12093: result: yes
configure:12093: checking for sys/time.h
configure:12093: result: yes
configure:12093: checking for sys/types.h
configure:12093: result: yes
configure:12105: checking for int32_t
configure:12105: gcc -c -g -O2  conftest.c >&5
configure:12105: $? = 0
configure:12105: gcc -c -g -O2  conftest.c >&5
conftest.c: In function 'main':
conftest.c:70:53: warning: integer overflow in expression [-Woverflow]
    < (int32_t) (((((int32_t) 1 << N) << N) - 1) * 2 + 2))];
                                                     ^
conftest.c:69:12: error: storage size of 'test_array' isn't constant
 static int test_array [1 - 2 * !((int32_t) (((((int32_t) 1 << N) << N) - 1) * 2 + 1)
            ^
configure:12105: $? = 1
configure: failed program was:
| /* confdefs.h */
| #define PACKAGE_NAME "jansson"
| #define PACKAGE_TARNAME "jansson"
| #define PACKAGE_VERSION "2.10"
| #define PACKAGE_STRING "jansson 2.10"
| #define PACKAGE_BUGREPORT "petri@digip.org"
| #define PACKAGE_URL ""
| #define PACKAGE "jansson"
| #define VERSION "2.10"
| #define STDC_HEADERS 1
| #define HAVE_SYS_TYPES_H 1
| #define HAVE_SYS_STAT_H 1
| #define HAVE_STDLIB_H 1
| #define HAVE_STRING_H 1
| #define HAVE_MEMORY_H 1
| #define HAVE_STRINGS_H 1
| #define HAVE_INTTYPES_H 1
| #define HAVE_STDINT_H 1
| #define HAVE_UNISTD_H 1
| #define HAVE_DLFCN_H 1
| #define LT_OBJDIR ".libs/"
| #define HAVE_ENDIAN_H 1
| #define HAVE_FCNTL_H 1
| #define HAVE_LOCALE_H 1
| #define HAVE_SCHED_H 1
| #define HAVE_UNISTD_H 1
| #define HAVE_SYS_PARAM_H 1
| #define HAVE_SYS_STAT_H 1
| #define HAVE_SYS_TIME_H 1
| #define HAVE_SYS_TYPES_H 1
| /* end confdefs.h.  */
| #include <stdio.h>
| #ifdef HAVE_SYS_TYPES_H
| # include <sys/types.h>
| #endif
| #ifdef HAVE_SYS_STAT_H
| # include <sys/stat.h>
| #endif
| #ifdef STDC_HEADERS
| # include <stdlib.h>
| # include <stddef.h>
| #else
| # ifdef HAVE_STDLIB_H
| #  include <stdlib.h>
| # endif
| #endif
| #ifdef HAVE_STRING_H
| # if !defined STDC_HEADERS && defined HAVE_MEMORY_H
| #  include <memory.h>
| # endif
| # include <string.h>
| #endif
| #ifdef HAVE_STRINGS_H
| # include <strings.h>
| #endif
| #ifdef HAVE_INTTYPES_H
| # include <inttypes.h>
| #endif
| #ifdef HAVE_STDINT_H
| # include <stdint.h>
| #endif
| #ifdef HAVE_UNISTD_H
| # include <unistd.h>
| #endif
| 	        enum { N = 32 / 2 - 1 };
| int
| main ()
| {
| static int test_array [1 - 2 * !((int32_t) (((((int32_t) 1 << N) << N) - 1) * 2 + 1)
| 		 < (int32_t) (((((int32_t) 1 << N) << N) - 1) * 2 + 2))];
| test_array [0] = 0;
| return test_array [0];
| 
|   ;
|   return 0;
| }
configure:12105: result: yes
configure:12116: checking for uint32_t
configure:12116: gcc -c -g -O2  conftest.c >&5
configure:12116: $? = 0
configure:12116: result: yes
configure:12130: checking for uint16_t
configure:12130: gcc -c -g -O2  conftest.c >&5
configure:12130: $? = 0
configure:12130: result: yes
configure:12142: checking for uint8_t
configure:12142: gcc -c -g -O2  conftest.c >&5
configure:12142: $? = 0
configure:12142: result: yes
configure:12157: checking for unsigned long long int
configure:12196: gcc -o conftest -g -O2   conftest.c  >&5
configure:12196: $? = 0
configure:12205: result: yes
configure:12215: checking for long long int
configure:12253: gcc -o conftest -g -O2   conftest.c  >&5
configure:12253: $? = 0
configure:12253: ./conftest
configure:12253: $? = 0
configure:12265: result: yes
configure:12274: checking for inline
configure:12290: gcc -c -g -O2  conftest.c >&5
configure:12290: $? = 0
configure:12298: result: inline
configure:12327: checking for close
configure:12327: gcc -o conftest -g -O2   conftest.c  >&5
configure:12327: $? = 0
configure:12327: result: yes
configure:12327: checking for getpid
configure:12327: gcc -o conftest -g -O2   conftest.c  >&5
configure:12327: $? = 0
configure:12327: result: yes
configure:12327: checking for gettimeofday
configure:12327: gcc -o conftest -g -O2   conftest.c  >&5
configure:12327: $? = 0
configure:12327: result: yes
configure:12327: checking for localeconv
configure:12327: gcc -o conftest -g -O2   conftest.c  >&5
configure:12327: $? = 0
configure:12327: result: yes
configure:12327: checking for open
configure:12327: gcc -o conftest -g -O2   conftest.c  >&5
configure:12327: $? = 0
configure:12327: result: yes
configure:12327: checking for read
configure:12327: gcc -o conftest -g -O2   conftest.c  >&5
configure:12327: $? = 0
configure:12327: result: yes
configure:12327: checking for sched_yield
configure:12327: gcc -o conftest -g -O2   conftest.c  >&5
configure:12327: $? = 0
configure:12327: result: yes
configure:12327: checking for strtoll
configure:12327: gcc -o conftest -g -O2   conftest.c  >&5
configure:12327: $? = 0
configure:12327: result: yes
configure:12337: checking for gcc __sync builtins
configure:12351: gcc -o conftest -g -O2   conftest.c  >&5
configure:12351: $? = 0
configure:12361: result: yes
configure:12364: checking for gcc __atomic builtins
configure:12378: gcc -o conftest -g -O2   conftest.c  >&5
configure:12378: $? = 0
configure:12388: result: yes
configure:12561: checking that generated files are newer than configure
configure:12567: result: done
configure:12594: creating ./config.status

## ---------------------- ##
## Running config.status. ##
## ---------------------- ##

This file was extended by jansson config.status 2.10, which was
generated by GNU Autoconf 2.69.  Invocation command line was

  CONFIG_FILES    = 
  CONFIG_HEADERS  = 
  CONFIG_LINKS    = 
  CONFIG_COMMANDS = 
  $ ./config.status 

on li220-10

config.status:1121: creating jansson.pc
config.status:1121: creating Makefile
config.status:1121: creating doc/Makefile
config.status:1121: creating src/Makefile
config.status:1121: creating src/jansson_config.h
config.status:1121: creating test/Makefile
config.status:1121: creating test/bin/Makefile
config.status:1121: creating test/suites/Makefile
config.status:1121: creating test/suites/api/Makefile
config.status:1121: creating jansson_private_config.h
config.status:1350: executing depfiles commands
config.status:1350: executing libtool commands

## ---------------- ##
## Cache variables. ##
## ---------------- ##

ac_cv_build=x86_64-unknown-linux-gnu
ac_cv_c_compiler_gnu=yes
ac_cv_c_inline=inline
ac_cv_c_int32_t=yes
ac_cv_c_uint16_t=yes
ac_cv_c_uint32_t=yes
ac_cv_c_uint8_t=yes
ac_cv_env_CC_set=
ac_cv_env_CC_value=
ac_cv_env_CFLAGS_set=
ac_cv_env_CFLAGS_value=
ac_cv_env_CPPFLAGS_set=
ac_cv_env_CPPFLAGS_value=
ac_cv_env_CPP_set=
ac_cv_env_CPP_value=
ac_cv_env_LDFLAGS_set=
ac_cv_env_LDFLAGS_value=
ac_cv_env_LIBS_set=
ac_cv_env_LIBS_value=
ac_cv_env_LT_SYS_LIBRARY_PATH_set=
ac_cv_env_LT_SYS_LIBRARY_PATH_value=
ac_cv_env_build_alias_set=
ac_cv_env_build_alias_value=
ac_cv_env_host_alias_set=
ac_cv_env_host_alias_value=
ac_cv_env_target_alias_set=
ac_cv_env_target_alias_value=
ac_cv_func_close=yes
ac_cv_func_getpid=yes
ac_cv_func_gettimeofday=yes
ac_cv_func_localeconv=yes
ac_cv_func_open=yes
ac_cv_func_read=yes
ac_cv_func_sched_yield=yes
ac_cv_func_strtoll=yes
ac_cv_header_dlfcn_h=yes
ac_cv_header_endian_h=yes
ac_cv_header_fcntl_h=yes
ac_cv_header_inttypes_h=yes
ac_cv_header_locale_h=yes
ac_cv_header_memory_h=yes
ac_cv_header_sched_h=yes
ac_cv_header_stdc=yes
ac_cv_header_stdint_h=yes
ac_cv_header_stdlib_h=yes
ac_cv_header_string_h=yes
ac_cv_header_strings_h=yes
ac_cv_header_sys_param_h=yes
ac_cv_header_sys_stat_h=yes
ac_cv_header_sys_time_h=yes
ac_cv_header_sys_types_h=yes
ac_cv_header_unistd_h=yes
ac_cv_host=x86_64-unknown-linux-gnu
ac_cv_objext=o
ac_cv_path_EGREP='/usr/bin/grep -E'
ac_cv_path_FGREP='/usr/bin/grep -F'
ac_cv_path_GREP=/usr/bin/grep
ac_cv_path_SED=/usr/bin/sed
ac_cv_path_install='/usr/bin/install -c'
ac_cv_path_lt_DD=/usr/bin/dd
ac_cv_path_mkdir=/usr/bin/mkdir
ac_cv_prog_AWK=gawk
ac_cv_prog_CPP='gcc -E'
ac_cv_prog_ac_ct_AR=ar
ac_cv_prog_ac_ct_CC=gcc
ac_cv_prog_ac_ct_OBJDUMP=objdump
ac_cv_prog_ac_ct_RANLIB=ranlib
ac_cv_prog_ac_ct_STRIP=strip
ac_cv_prog_cc_c89=
ac_cv_prog_cc_g=yes
ac_cv_prog_make_make_set=yes
ac_cv_type_long_long_int=yes
ac_cv_type_unsigned_long_long_int=yes
am_cv_CC_dependencies_compiler_type=gcc3
am_cv_make_support_nested_variables=yes
am_cv_prog_cc_c_o=yes
lt_cv_ar_at_file=@
lt_cv_archive_cmds_need_lc=no
lt_cv_deplibs_check_method=pass_all
lt_cv_file_magic_cmd='$MAGIC_CMD'
lt_cv_file_magic_test_file=
lt_cv_ld_reload_flag=-r
lt_cv_nm_interface='BSD nm'
lt_cv_objdir=.libs
lt_cv_path_LD=/usr/bin/ld
lt_cv_path_NM='/usr/bin/nm -B'
lt_cv_path_mainfest_tool=no
lt_cv_prog_compiler_c_o=yes
lt_cv_prog_compiler_pic='-fPIC -DPIC'
lt_cv_prog_compiler_pic_works=yes
lt_cv_prog_compiler_rtti_exceptions=no
lt_cv_prog_compiler_static_works=no
lt_cv_prog_gnu_ld=yes
lt_cv_sharedlib_from_linklib_cmd='printf %s\n'
lt_cv_shlibpath_overrides_runpath=no
lt_cv_sys_global_symbol_pipe='sed -n -e '\''s/^.*[	 ]\([ABCDGIRSTW][ABCDGIRSTW]*\)[	 ][	 ]*\([_A-Za-z][_A-Za-z0-9]*\)$/\1 \2 \2/p'\'' | sed '\''/ __gnu_lto/d'\'''
lt_cv_sys_global_symbol_to_c_name_address='sed -n -e '\''s/^: \(.*\) .*$/  {"\1", (void *) 0},/p'\'' -e '\''s/^[ABCDGIRSTW][ABCDGIRSTW]* .* \(.*\)$/  {"\1", (void *) \&\1},/p'\'''
lt_cv_sys_global_symbol_to_c_name_address_lib_prefix='sed -n -e '\''s/^: \(.*\) .*$/  {"\1", (void *) 0},/p'\'' -e '\''s/^[ABCDGIRSTW][ABCDGIRSTW]* .* \(lib.*\)$/  {"\1", (void *) \&\1},/p'\'' -e '\''s/^[ABCDGIRSTW][ABCDGIRSTW]* .* \(.*\)$/  {"lib\1", (void *) \&\1},/p'\'''
lt_cv_sys_global_symbol_to_cdecl='sed -n -e '\''s/^T .* \(.*\)$/extern int \1();/p'\'' -e '\''s/^[ABCDGIRSTW][ABCDGIRSTW]* .* \(.*\)$/extern char \1;/p'\'''
lt_cv_sys_global_symbol_to_import=
lt_cv_sys_max_cmd_len=1572864
lt_cv_to_host_file_cmd=func_convert_file_noop
lt_cv_to_tool_file_cmd=func_convert_file_noop
lt_cv_truncate_bin='/usr/bin/dd bs=4096 count=1'

## ----------------- ##
## Output variables. ##
## ----------------- ##

ACLOCAL='${SHELL} /home/wsayin/FUSSPlus/src/jansson/jansson-2.10/missing aclocal-1.15'
AMDEPBACKSLASH='\'
AMDEP_FALSE='#'
AMDEP_TRUE=''
AMTAR='$${TAR-tar}'
AM_BACKSLASH='\'
AM_CFLAGS='-Wall -Wextra -Wdeclaration-after-statement'
AM_DEFAULT_V='$(AM_DEFAULT_VERBOSITY)'
AM_DEFAULT_VERBOSITY='1'
AM_V='$(V)'
AR='ar'
AUTOCONF='${SHELL} /home/wsayin/FUSSPlus/src/jansson/jansson-2.10/missing autoconf'
AUTOHEADER='${SHELL} /home/wsayin/FUSSPlus/src/jansson/jansson-2.10/missing autoheader'
AUTOMAKE='${SHELL} /home/wsayin/FUSSPlus/src/jansson/jansson-2.10/missing automake-1.15'
AWK='gawk'
CC='gcc'
CCDEPMODE='depmode=gcc3'
CFLAGS='-g -O2'
CPP='gcc -E'
CPPFLAGS=''
CYGPATH_W='echo'
DEFS='-DHAVE_CONFIG_H'
DEPDIR='.deps'
DLLTOOL='false'
DSYMUTIL=''
DUMPBIN=''
ECHO_C=''
ECHO_N='-n'
ECHO_T=''
EGREP='/usr/bin/grep -E'
EXEEXT=''
FGREP='/usr/bin/grep -F'
GCC_FALSE='#'
GCC_TRUE=''
GREP='/usr/bin/grep'
INSTALL_DATA='${INSTALL} -m 644'
INSTALL_PROGRAM='${INSTALL}'
INSTALL_SCRIPT='${INSTALL}'
INSTALL_STRIP_PROGRAM='$(install_sh) -c -s'
LD='/usr/bin/ld -m elf_x86_64'
LDFLAGS=''
LIBOBJS=''
LIBS=''
LIBTOOL='$(SHELL) $(top_builddir)/libtool'
LIPO=''
LN_S='ln -s'
LTLIBOBJS=''
LT_SYS_LIBRARY_PATH=''
MAKEINFO='${SHELL} /home/wsayin/FUSSPlus/src/jansson/jansson-2.10/missing makeinfo'
MANIFEST_TOOL=':'
MKDIR_P='/usr/bin/mkdir -p'
NM='/usr/bin/nm -B'
NMEDIT=''
OBJDUMP='objdump'
OBJEXT='o'
OTOOL64=''
OTOOL=''
PACKAGE='jansson'
PACKAGE_BUGREPORT='petri@digip.org'
PACKAGE_NAME='jansson'
PACKAGE_STRING='jansson 2.10'
PACKAGE_TARNAME='jansson'
PACKAGE_URL=''
PACKAGE_VERSION='2.10'
PATH_SEPARATOR=':'
RANLIB='ranlib'
SED='/usr/bin/sed'
SET_MAKE=''
SHELL='/bin/sh'
STRIP='strip'
VERSION='2.10'
ac_ct_AR='ar'
ac_ct_CC='gcc'
ac_ct_DUMPBIN=''
am__EXEEXT_FALSE=''
am__EXEEXT_TRUE='#'
am__fastdepCC_FALSE='#'
am__fastdepCC_TRUE=''
am__include='include'
am__isrc=''
am__leading_dot='.'
am__nodep='_no'
am__quote=''
am__tar='$${TAR-tar} chof - "$$tardir"'
am__untar='$${TAR-tar} xf -'
bindir='${exec_prefix}/bin'
build='x86_64-unknown-linux-gnu'
build_alias=''
build_cpu='x86_64'
build_os='linux-gnu'
build_vendor='unknown'
datadir='${datarootdir}'
datarootdir='${prefix}/share'
docdir='${datarootdir}/doc/${PACKAGE_TARNAME}'
dvidir='${docdir}'
exec_prefix='${prefix}'
host='x86_64-unknown-linux-gnu'
host_alias=''
host_cpu='x86_64'
host_os='linux-gnu'
host_vendor='unknown'
htmldir='${docdir}'
includedir='${prefix}/include'
infodir='${datarootdir}/info'
install_sh='${SHELL} /home/wsayin/FUSSPlus/src/jansson/jansson-2.10/install-sh'
json_have_localeconv='1'
json_have_long_long='1'
json_inline='inline'
libdir='${exec_prefix}/lib'
libexecdir='${exec_prefix}/libexec'
localedir='${datarootdir}/locale'
localstatedir='${prefix}/var'
mandir='${datarootdir}/man'
mkdir_p='$(MKDIR_P)'
oldincludedir='/usr/include'
pdfdir='${docdir}'
prefix='/usr/local'
program_transform_name='s,x,x,'
psdir='${docdir}'
sbindir='${exec_prefix}/sbin'
sharedstatedir='${prefix}/com'
sysconfdir='${prefix}/etc'
target_alias=''

## ----------- ##
## confdefs.h. ##
## ----------- ##

/* confdefs.h */
#define PACKAGE_NAME "jansson"
#define PACKAGE_TARNAME "jansson"
#define PACKAGE_VERSION "2.10"
#define PACKAGE_STRING "jansson 2.10"
#define PACKAGE_BUGREPORT "petri@digip.org"
#define PACKAGE_URL ""
#define PACKAGE "jansson"
#define VERSION "2.10"
#define STDC_HEADERS 1
#define HAVE_SYS_TYPES_H 1
#define HAVE_SYS_STAT_H 1
#define HAVE_STDLIB_H 1
#define HAVE_STRING_H 1
#define HAVE_MEMORY_H 1
#define HAVE_STRINGS_H 1
#define HAVE_INTTYPES_H 1
#define HAVE_STDINT_H 1
#define HAVE_UNISTD_H 1
#define HAVE_DLFCN_H 1
#define LT_OBJDIR ".libs/"
#define HAVE_ENDIAN_H 1
#define HAVE_FCNTL_H 1
#define HAVE_LOCALE_H 1
#define HAVE_SCHED_H 1
#define HAVE_UNISTD_H 1
#define HAVE_SYS_PARAM_H 1
#define HAVE_SYS_STAT_H 1
#define HAVE_SYS_TIME_H 1
#define HAVE_SYS_TYPES_H 1
#define HAVE_UNSIGNED_LONG_LONG_INT 1
#define HAVE_LONG_LONG_INT 1
#define HAVE_CLOSE 1
#define HAVE_GETPID 1
#define HAVE_GETTIMEOFDAY 1
#define HAVE_LOCALECONV 1
#define HAVE_OPEN 1
#define HAVE_READ 1
#define HAVE_SCHED_YIELD 1
#define HAVE_STRTOLL 1
#define HAVE_SYNC_BUILTINS 1
#define HAVE_ATOMIC_BUILTINS 1
#define USE_URANDOM 1
#define USE_WINDOWS_CRYPTOAPI 1
#define INITIAL_HASHTABLE_ORDER 3

configure: exit 0
