ulimit: Command not found.
Segmentation fault (core dumped)
Segmentation fault (core dumped)
ulimit: Command not found.
Read_from_socket: Connection reset by peer
Read_from_socket: Connection reset by peer
New_socket: getpeername: Transport endpoint is not connected
Text_to_socket:: Connection reset by peer
Read_from_socket: Connection reset by peer
Read_from_socket: Connection reset by peer
Read_from_socket: Connection reset by peer
Read_from_socket: Connection reset by peer
New_socket: getpeername: Transport endpoint is not connected
Text_to_socket:: Connection reset by peer
Read_from_socket: Connection reset by peer
Read_from_socket: Connection reset by peer
Read_from_socket: Connection reset by peer
Read_from_socket: Connection reset by peer
Read_from_socket: Connection reset by peer
Read_from_socket: Connection reset by peer
Read_from_socket: Connection reset by peer
Read_from_socket: Connection reset by peer
Read_from_socket: Connection reset by peer
Read_from_socket: Connection reset by peer
Read_from_socket: Connection reset by peer
Read_from_socket: Connection reset by peer
Read_from_socket: Connection reset by peer
Read_from_socket: Connection reset by peer
Read_from_socket: Connection reset by peer
Read_from_socket: Connection reset by peer
Read_from_socket: Connection reset by peer
New_socket: getpeername: Transport endpoint is not connected
Text_to_socket:: Connection reset by peer
Read_from_socket: Connection reset by peer
Read_from_socket: Connection reset by peer
Read_from_socket: Connection reset by peer
Read_from_socket: Connection reset by peer
New_socket: getpeername: Transport endpoint is not connected
Text_to_socket:: Connection reset by peer
Read_from_socket: Connection reset by peer
Read_from_socket: Connection reset by peer
Read_from_socket: Connection reset by peer
New_socket: getpeername: Transport endpoint is not connected
Text_to_socket:: Connection reset by peer
Read_from_socket: Connection reset by peer
Read_from_socket: Connection reset by peer
Read_from_socket: Connection reset by peer
Read_from_socket: Connection reset by peer
Read_from_socket: Connection reset by peer
Read_from_socket: Connection reset by peer
Read_from_socket: Connection reset by peer
Read_from_socket: Connection reset by peer
New_socket: getpeername: Transport endpoint is not connected
Text_to_socket:: Connection reset by peer
Read_from_socket: Connection reset by peer
Read_from_socket: Connection reset by peer
Read_from_socket: Connection reset by peer
Read_from_socket: Connection reset by peer
Read_from_socket: Connection reset by peer
Read_from_socket: Connection reset by peer
Read_from_socket: Connection reset by peer
Read_from_socket: Connection reset by peer
New_socket: getpeername: Transport endpoint is not connected
Text_to_socket:: Connection reset by peer
Read_from_socket: Connection reset by peer
Read_from_socket: Connection reset by peer
Read_from_socket: Connection reset by peer
Read_from_socket: Connection reset by peer
Read_from_socket: Connection reset by peer
Read_from_socket: Connection reset by peer
Read_from_socket: Connection reset by peer
Read_from_socket: Connection reset by peer
Read_from_socket: Connection reset by peer
Read_from_socket: Connection reset by peer
Read_from_socket: Connection reset by peer
Read_from_socket: Connection reset by peer
Read_from_socket: Connection reset by peer
Read_from_socket: Connection reset by peer
Read_from_socket: Connection reset by peer
Read_from_socket: Connection reset by peer
Read_from_socket: Connection reset by peer
Read_from_socket: Connection reset by peer
New_socket: getpeername: Transport endpoint is not connected
Text_to_socket:: Connection reset by peer
Read_from_socket: Connection reset by peer
Read_from_socket: Connection reset by peer
New_socket: getpeername: Transport endpoint is not connected
Text_to_socket:: Connection reset by peer
Read_from_socket: Connection reset by peer
Read_from_socket: Connection reset by peer
New_socket: getpeername: Transport endpoint is not connected
Text_to_socket:: Connection reset by peer
Read_from_socket: Connection reset by peer
Read_from_socket: Connection reset by peer
Read_from_socket: Connection reset by peer
Read_from_socket: Connection reset by peer
Read_from_socket: Connection reset by peer
Read_from_socket: Connection reset by peer
Read_from_socket: Connection reset by peer
Read_from_socket: Connection reset by peer
Read_from_socket: Connection reset by peer
Read_from_socket: Connection reset by peer
Read_from_socket: Connection reset by peer
Read_from_socket: Connection reset by peer
Read_from_socket: Connection reset by peer
Read_from_socket: Connection reset by peer
New_socket: getpeername: Transport endpoint is not connected
Text_to_socket:: Connection reset by peer
Read_from_socket: Connection reset by peer
Read_from_socket: Connection reset by peer
Read_from_socket: Connection reset by peer
Read_from_socket: Connection reset by peer
Read_from_socket: Connection reset by peer
Read_from_socket: Connection reset by peer
Read_from_socket: Connection reset by peer
Read_from_socket: Connection reset by peer
Read_from_socket: Connection reset by peer
Read_from_socket: Connection reset by peer
Read_from_socket: Connection reset by peer
Read_from_socket: Connection reset by peer
Read_from_socket: Connection reset by peer
Read_from_socket: Connection reset by peer
Read_from_socket: Connection reset by peer
Read_from_socket: Connection reset by peer
Read_from_socket: Connection reset by peer
Read_from_socket: Connection reset by peer
Read_from_socket: Connection reset by peer
Read_from_socket: Connection reset by peer
Read_from_socket: Connection reset by peer
Read_from_socket: Connection reset by peer
Read_from_socket: Connection reset by peer
Read_from_socket: Connection reset by peer
Read_from_socket: Connection reset by peer
Read_from_socket: Connection reset by peer
Read_from_socket: Connection reset by peer
Read_from_socket: Connection reset by peer
Segmentation fault (core dumped)
Segmentation fault (core dumped)
Segmentation fault (core dumped)
Segmentation fault (core dumped)
Segmentation fault (core dumped)
Segmentation fault (core dumped)
Segmentation fault (core dumped)
Segmentation fault (core dumped)
Segmentation fault (core dumped)
Segmentation fault (core dumped)
Segmentation fault (core dumped)
Segmentation fault (core dumped)
Segmentation fault (core dumped)
Segmentation fault (core dumped)
Segmentation fault (core dumped)
Segmentation fault (core dumped)
Segmentation fault (core dumped)
Segmentation fault (core dumped)
Segmentation fault (core dumped)
Segmentation fault (core dumped)
ulimit: Command not found.
ulimit: Command not found.
port: Undefined variable.
ulimit: Command not found.
Read_from_socket: Connection reset by peer
Segmentation fault (core dumped)
ulimit: Command not found.
New_socket: getpeername: Transport endpoint is not connected
Text_to_socket:: Connection reset by peer
Read_from_socket: Connection reset by peer
Read_from_socket: Connection reset by peer
Read_from_socket: Connection reset by peer
Read_from_socket: Connection reset by peer
New_socket: getpeername: Transport endpoint is not connected
Text_to_socket:: Connection reset by peer
Read_from_socket: Connection reset by peer
Read_from_socket: Connection reset by peer
Read_from_socket: Connection reset by peer
Text_to_socket:: Connection reset by peer
Read_from_socket: Connection reset by peer
Segmentation fault (core dumped)
Segmentation fault (core dumped)
Read_from_socket: Connection reset by peer
Read_from_socket: Connection reset by peer
Read_from_socket: Connection reset by peer
Segmentation fault (core dumped)
Segmentation fault (core dumped)
Segmentation fault (core dumped)
Segmentation fault (core dumped)
Segmentation fault (core dumped)
Segmentation fault (core dumped)
Segmentation fault (core dumped)
Segmentation fault (core dumped)
Segmentation fault (core dumped)
Segmentation fault (core dumped)
ulimit: Command not found.
Segmentation fault (core dumped)
Segmentation fault (core dumped)
Segmentation fault (core dumped)
ulimit: Command not found.
rm: cannot remove ‘shutdown.txt’: No such file or directory
while: Expression Syntax.
ulimit: Command not found.
rm: cannot remove ‘shutdown.txt’: No such file or directory
if: Expression Syntax.
ulimit: Command not found.
if: Expression Syntax.
ulimit: Command not found.
if: Expression Syntax.
ulimit: Command not found.
Segmentation fault (core dumped)
Segmentation fault (core dumped)
Segmentation fault (core dumped)
Segmentation fault (core dumped)
Segmentation fault (core dumped)
Segmentation fault (core dumped)
Segmentation fault (core dumped)
Segmentation fault (core dumped)
Segmentation fault (core dumped)
Segmentation fault (core dumped)
ulimit: Command not found.
Jun 28 12:33:18: How the fuck did this happen?
Jun 28 12:35:51: How the fuck did this happen?(99)
